<?xml version="1.0" encoding="UTF-8"?>
<!-- Generated by org.testng.reporters.JUnitReportReporter -->
<testsuite hostname="toshiba" name="testCases.VerifyResultItems" tests="1" failures="0" timestamp="17 Nov 2014 18:42:48 GMT" time="0.005" errors="0">
  <testcase name="verifyResults" time="0.005" classname="testCases.VerifyResultItems"/>
</testsuite> <!-- testCases.VerifyResultItems -->
