<?xml version="1.0" encoding="UTF-8"?>
<!-- Generated by org.testng.reporters.JUnitReportReporter -->
<testsuite hostname="toshiba" name="testCases.VerifySearchHome" tests="2" failures="0" timestamp="17 Nov 2014 18:44:21 GMT" time="50.721" errors="0">
  <testcase name="verifyResultInfo" time="0.025" classname="testCases.VerifySearchHome"/>
  <testcase name="verifySearchTerm" time="50.696" classname="testCases.VerifySearchHome"/>
</testsuite> <!-- testCases.VerifySearchHome -->
