<?xml version="1.0" encoding="UTF-8"?>
<!-- Generated by org.testng.reporters.JUnitReportReporter -->
<testsuite hostname="toshiba" name="testCases.VerifySearchResult" tests="2" failures="0" timestamp="18 Nov 2014 00:54:02 GMT" time="7.649" errors="0">
  <testcase name="verifyResultInfo" time="0.001" classname="testCases.VerifySearchResult"/>
  <testcase name="verifyItems" time="7.648" classname="testCases.VerifySearchResult"/>
</testsuite> <!-- testCases.VerifySearchResult -->
