<?xml version="1.0" encoding="UTF-8"?>
<!-- Generated by org.testng.reporters.JUnitReportReporter -->
<testsuite hostname="toshiba" name="testCases.VerifySearchBtn" tests="1" failures="0" timestamp="17 Nov 2014 17:48:00 GMT" time="1.012" errors="0">
  <testcase name="f" time="1.012" classname="testCases.VerifySearchBtn"/>
</testsuite> <!-- testCases.VerifySearchBtn -->
