<?xml version="1.0" encoding="UTF-8"?>
<!-- Generated by org.testng.reporters.JUnitReportReporter -->
<testsuite hostname="toshiba" name="testCases.VerifySearchResult" tests="2" failures="0" timestamp="17 Nov 2014 19:18:21 GMT" time="10.515" errors="0">
  <testcase name="verifySearchTerm" time="10.486" classname="testCases.VerifySearchResult"/>
  <testcase name="verifyResultInfo" time="0.029" classname="testCases.VerifySearchResult"/>
</testsuite> <!-- testCases.VerifySearchResult -->
